<?xml version="1.0" encoding="UTF-8"?>
<!-- Generated by org.testng.reporters.JUnitReportReporter -->
<testsuite hostname="Paari-Magan" name="framework_test.Maintest" tests="1" failures="0" timestamp="24 Nov 2021 07:40:28 GMT" time="26.410" errors="0">
  <testcase name="register" time="26.410" classname="framework_test.Maintest"/>
</testsuite> <!-- framework_test.Maintest -->
