<?xml version="1.0" encoding="UTF-8"?>
<!-- Generated by org.testng.reporters.JUnitReportReporter -->
<testsuite hostname="Paari-Magan" failures="0" tests="1" name="framework_test.Amazoncheckout" time="62.886" errors="0" timestamp="1 Dec 2021 16:57:24 GMT">
  <testcase classname="framework_test.Amazoncheckout" name="checkout" time="62.886"/>
</testsuite> <!-- framework_test.Amazoncheckout -->
