<?xml version="1.0" encoding="UTF-8"?>
<!-- Generated by org.testng.reporters.JUnitReportReporter -->
<testsuite hostname="Paari-Magan" name="com.java.testNG.ParameterNG" tests="2" failures="0" timestamp="12 Nov 2021 13:12:31 GMT" time="39.000" errors="0">
  <testcase name="dataProvider" time="21.795" classname="com.java.testNG.ParameterNG"/>
  <testcase name="dataProvider" time="17.205" classname="com.java.testNG.ParameterNG"/>
</testsuite> <!-- com.java.testNG.ParameterNG -->
