<?xml version="1.0" encoding="UTF-8"?>
<!-- Generated by org.testng.reporters.JUnitReportReporter -->
<testsuite hostname="Paari-Magan" name="test_utilities.ExcelRead" tests="1" failures="0" timestamp="23 Nov 2021 19:21:38 GMT" time="1.304" errors="0">
  <testcase name="readexcel" time="1.304" classname="test_utilities.ExcelRead"/>
</testsuite> <!-- test_utilities.ExcelRead -->
