<?xml version="1.0" encoding="UTF-8"?>
<!-- Generated by org.testng.reporters.JUnitReportReporter -->
<testsuite hostname="Paari-Magan" name="com.java.testNG.TestNGchck" tests="2" failures="0" timestamp="12 Nov 2021 04:04:22 GMT" time="40.262" errors="0">
  <testcase name="drag1" time="18.053" classname="com.java.testNG.TestNGchck"/>
  <testcase name="Screenshot" time="22.209" classname="com.java.testNG.TestNGchck"/>
</testsuite> <!-- com.java.testNG.TestNGchck -->
