<?xml version="1.0" encoding="UTF-8"?>
<!-- Generated by org.testng.reporters.JUnitReportReporter -->
<testsuite hostname="Paari-Magan" name="com.java.testNG.TestNGPrll" tests="2" failures="0" timestamp="12 Nov 2021 04:13:53 GMT" time="48.236" errors="0">
  <testcase name="Screenshot" time="22.843" classname="com.java.testNG.TestNGPrll"/>
  <testcase name="drag1" time="25.393" classname="com.java.testNG.TestNGPrll"/>
</testsuite> <!-- com.java.testNG.TestNGPrll -->
