<?xml version="1.0" encoding="UTF-8"?>
<!-- Generated by org.testng.reporters.JUnitReportReporter -->
<testsuite hostname="Paari-Magan" name="com.java.testNG.TestNGDataProvider" tests="2" failures="0" timestamp="12 Nov 2021 05:56:03 GMT" time="66.781" errors="0">
  <testcase name="amazon" time="31.304" classname="com.java.testNG.TestNGDataProvider"/>
  <testcase name="amazon" time="35.477" classname="com.java.testNG.TestNGDataProvider"/>
</testsuite> <!-- com.java.testNG.TestNGDataProvider -->
